TN:
SF:src/CommandHandler.ts
FN:41,(anonymous_0)
FN:72,(anonymous_1)
FN:76,(anonymous_2)
FN:83,(anonymous_3)
FN:87,(anonymous_4)
FN:95,(anonymous_5)
FN:101,(anonymous_6)
FN:108,(anonymous_7)
FN:117,(anonymous_8)
FN:159,(anonymous_9)
FN:163,(anonymous_10)
FN:167,(anonymous_11)
FN:171,(anonymous_12)
FN:175,(anonymous_13)
FNF:14
FNH:0
FNDA:0,(anonymous_0)
FNDA:0,(anonymous_1)
FNDA:0,(anonymous_2)
FNDA:0,(anonymous_3)
FNDA:0,(anonymous_4)
FNDA:0,(anonymous_5)
FNDA:0,(anonymous_6)
FNDA:0,(anonymous_7)
FNDA:0,(anonymous_8)
FNDA:0,(anonymous_9)
FNDA:0,(anonymous_10)
FNDA:0,(anonymous_11)
FNDA:0,(anonymous_12)
FNDA:0,(anonymous_13)
DA:49,0
DA:50,0
DA:51,0
DA:52,0
DA:53,0
DA:54,0
DA:55,0
DA:56,0
DA:57,0
DA:58,0
DA:60,0
DA:61,0
DA:62,0
DA:63,0
DA:64,0
DA:65,0
DA:73,0
DA:77,0
DA:78,0
DA:80,0
DA:84,0
DA:90,0
DA:91,0
DA:96,0
DA:97,0
DA:102,0
DA:103,0
DA:105,0
DA:109,0
DA:110,0
DA:111,0
DA:112,0
DA:113,0
DA:114,0
DA:115,0
DA:116,0
DA:117,0
DA:118,0
DA:119,0
DA:120,0
DA:122,0
DA:123,0
DA:124,0
DA:125,0
DA:126,0
DA:127,0
DA:128,0
DA:130,0
DA:132,0
DA:138,0
DA:139,0
DA:140,0
DA:141,0
DA:142,0
DA:143,0
DA:144,0
DA:146,0
DA:150,0
DA:152,0
DA:155,0
DA:160,0
DA:164,0
DA:168,0
DA:172,0
DA:176,0
LF:65
LH:0
BRDA:49,0,0,0
BRDA:49,0,1,0
BRDA:49,1,0,0
BRDA:49,1,1,0
BRDA:50,2,0,0
BRDA:50,2,1,0
BRDA:51,3,0,0
BRDA:51,3,1,0
BRDA:52,4,0,0
BRDA:52,4,1,0
BRDA:53,5,0,0
BRDA:53,5,1,0
BRDA:54,6,0,0
BRDA:54,6,1,0
BRDA:57,7,0,0
BRDA:77,8,0,0
BRDA:102,9,0,0
BRDA:113,10,0,0
BRDA:113,10,1,0
BRDA:116,11,0,0
BRDA:116,11,1,0
BRDA:118,12,0,0
BRDA:122,13,0,0
BRDA:122,13,1,0
BRDA:122,14,0,0
BRDA:122,14,1,0
BRDA:125,15,0,0
BRDA:127,16,0,0
BRDA:132,17,0,0
BRDA:133,18,0,0
BRDA:133,18,1,0
BRDA:133,18,2,0
BRDA:133,18,3,0
BRDA:139,19,0,0
BRDA:143,20,0,0
BRF:35
BRH:0
end_of_record
TN:
SF:src/TestScript.ts
FN:5,(anonymous_0)
FN:12,(anonymous_1)
FNF:2
FNH:0
FNDA:0,(anonymous_0)
FNDA:0,(anonymous_1)
DA:6,0
DA:12,0
LF:2
LH:0
BRF:0
BRH:0
end_of_record
TN:
SF:src/cli.ts
FNF:0
FNH:0
DA:5,0
DA:7,0
LF:2
LH:0
BRF:0
BRH:0
end_of_record
TN:
SF:src/class/CliParser.ts
FN:11,(anonymous_0)
FN:32,(anonymous_1)
FN:63,(anonymous_2)
FN:65,(anonymous_3)
FN:97,(anonymous_4)
FN:104,(anonymous_5)
FN:111,(anonymous_6)
FN:119,(anonymous_7)
FN:127,(anonymous_8)
FNF:9
FNH:7
FNDA:7,(anonymous_0)
FNDA:12,(anonymous_1)
FNDA:7,(anonymous_2)
FNDA:18,(anonymous_3)
FNDA:4,(anonymous_4)
FNDA:4,(anonymous_5)
FNDA:4,(anonymous_6)
FNDA:0,(anonymous_7)
FNDA:0,(anonymous_8)
DA:1,1
DA:4,1
DA:12,7
DA:13,7
DA:14,7
DA:15,7
DA:16,7
DA:18,0
DA:19,0
DA:20,0
DA:21,0
DA:22,0
DA:24,7
DA:33,12
DA:34,12
DA:35,12
DA:36,3
DA:38,9
DA:39,9
DA:40,1
DA:42,8
DA:43,1
DA:45,7
DA:46,7
DA:47,7
DA:48,2
DA:53,5
DA:54,1
DA:56,4
DA:64,7
DA:65,7
DA:66,18
DA:67,12
DA:69,18
DA:70,0
DA:74,18
DA:75,4
DA:76,4
DA:78,14
DA:79,12
DA:80,12
DA:81,1
DA:85,11
DA:86,11
DA:88,2
DA:98,4
DA:105,4
DA:112,4
DA:120,0
DA:128,0
LF:50
LH:42
BRDA:15,0,0,7
BRDA:15,0,1,0
BRDA:35,1,0,3
BRDA:39,2,0,1
BRDA:42,3,0,1
BRDA:47,4,0,2
BRDA:53,5,0,1
BRDA:66,6,0,12
BRDA:69,7,0,0
BRDA:69,8,0,18
BRDA:69,8,1,4
BRDA:74,9,0,4
BRDA:74,10,0,18
BRDA:74,10,1,4
BRDA:78,11,0,12
BRDA:78,12,0,14
BRDA:78,12,1,14
BRDA:80,13,0,1
BRF:18
BRH:16
end_of_record
TN:
SF:src/class/InteractionArgs.ts
FN:9,(anonymous_0)
FN:14,(anonymous_1)
FN:18,(anonymous_2)
FN:22,(anonymous_3)
FN:26,(anonymous_4)
FN:30,(anonymous_5)
FNF:6
FNH:0
FNDA:0,(anonymous_0)
FNDA:0,(anonymous_1)
FNDA:0,(anonymous_2)
FNDA:0,(anonymous_3)
FNDA:0,(anonymous_4)
FNDA:0,(anonymous_5)
DA:10,0
DA:11,0
DA:15,0
DA:19,0
DA:23,0
DA:27,0
DA:31,0
LF:7
LH:0
BRF:0
BRH:0
end_of_record
TN:
SF:src/class/ProgressBar.ts
FN:3,clamp
FN:7,pad2
FN:11,formatDuration
FN:18,stripAnsi
FN:24,color
FN:63,(anonymous_5)
FN:69,(anonymous_6)
FN:77,(anonymous_7)
FN:82,(anonymous_8)
FN:86,(anonymous_9)
FN:94,(anonymous_10)
FN:100,(anonymous_11)
FN:150,(anonymous_12)
FNF:13
FNH:0
FNDA:0,clamp
FNDA:0,pad2
FNDA:0,formatDuration
FNDA:0,stripAnsi
FNDA:0,color
FNDA:0,(anonymous_5)
FNDA:0,(anonymous_6)
FNDA:0,(anonymous_7)
FNDA:0,(anonymous_8)
FNDA:0,(anonymous_9)
FNDA:0,(anonymous_10)
FNDA:0,(anonymous_11)
FNDA:0,(anonymous_12)
DA:4,0
DA:8,0
DA:12,0
DA:13,0
DA:14,0
DA:15,0
DA:21,0
DA:25,0
DA:26,0
DA:28,0
DA:32,0
DA:40,0
DA:42,0
DA:44,0
DA:46,0
DA:48,0
DA:61,0
DA:64,0
DA:65,0
DA:66,0
DA:70,0
DA:71,0
DA:72,0
DA:73,0
DA:74,0
DA:78,0
DA:79,0
DA:83,0
DA:87,0
DA:88,0
DA:89,0
DA:91,0
DA:95,0
DA:96,0
DA:97,0
DA:101,0
DA:102,0
DA:103,0
DA:104,0
DA:106,0
DA:107,0
DA:108,0
DA:110,0
DA:111,0
DA:113,0
DA:114,0
DA:116,0
DA:117,0
DA:119,0
DA:123,0
DA:124,0
DA:127,0
DA:129,0
DA:133,0
DA:134,0
DA:136,0
DA:138,0
DA:139,0
DA:140,0
DA:144,0
DA:145,0
DA:147,0
DA:151,0
DA:152,0
LF:64
LH:0
BRDA:8,0,0,0
BRDA:8,0,1,0
BRDA:25,1,0,0
BRDA:63,2,0,0
BRDA:88,3,0,0
BRDA:101,4,0,0
BRDA:101,4,1,0
BRDA:107,5,0,0
BRDA:107,5,1,0
BRDA:108,6,0,0
BRDA:108,6,1,0
BRDA:113,7,0,0
BRDA:113,7,1,0
BRDA:114,8,0,0
BRDA:114,8,1,0
BRDA:119,9,0,0
BRDA:119,9,1,0
BRDA:123,10,0,0
BRDA:123,10,1,0
BRDA:124,11,0,0
BRDA:124,11,1,0
BRDA:129,12,0,0
BRDA:129,12,1,0
BRDA:134,13,0,0
BRDA:134,13,1,0
BRDA:139,14,0,0
BRF:26
BRH:0
end_of_record
TN:
SF:src/class/ShellComand.ts
FN:37,(anonymous_0)
FN:47,(anonymous_1)
FN:64,(anonymous_2)
FN:70,(anonymous_3)
FN:77,(anonymous_4)
FN:81,(anonymous_5)
FN:95,(anonymous_6)
FN:106,(anonymous_7)
FNF:8
FNH:0
FNDA:0,(anonymous_0)
FNDA:0,(anonymous_1)
FNDA:0,(anonymous_2)
FNDA:0,(anonymous_3)
FNDA:0,(anonymous_4)
FNDA:0,(anonymous_5)
FNDA:0,(anonymous_6)
FNDA:0,(anonymous_7)
DA:38,0
DA:39,0
DA:40,0
DA:41,0
DA:42,0
DA:43,0
DA:44,0
DA:48,0
DA:49,0
DA:50,0
DA:51,0
DA:58,0
DA:59,0
DA:61,0
DA:64,0
DA:66,0
DA:69,0
DA:70,0
DA:71,0
DA:74,0
DA:78,0
DA:79,0
DA:80,0
DA:81,0
DA:83,0
DA:84,0
DA:86,0
DA:88,0
DA:89,0
DA:90,0
DA:91,0
DA:96,0
DA:97,0
DA:99,0
DA:100,0
DA:101,0
DA:103,0
DA:107,0
LF:38
LH:0
BRDA:43,0,0,0
BRDA:43,0,1,0
BRDA:44,1,0,0
BRDA:44,1,1,0
BRDA:50,2,0,0
BRDA:50,3,0,0
BRDA:50,3,1,0
BRDA:58,4,0,0
BRDA:58,5,0,0
BRDA:58,5,1,0
BRDA:61,6,0,0
BRDA:62,7,0,0
BRDA:62,7,1,0
BRDA:62,7,2,0
BRDA:70,8,0,0
BRDA:79,9,0,0
BRDA:83,10,0,0
BRDA:96,11,0,0
BRDA:96,12,0,0
BRDA:96,12,1,0
BRDA:100,13,0,0
BRF:21
BRH:0
end_of_record
TN:
SF:src/commands/base/HelpAction.ts
FN:9,(anonymous_0)
FN:24,(anonymous_1)
FN:28,(anonymous_2)
FN:32,(anonymous_3)
FN:55,(anonymous_4)
FN:72,(anonymous_5)
FNF:6
FNH:0
FNDA:0,(anonymous_0)
FNDA:0,(anonymous_1)
FNDA:0,(anonymous_2)
FNDA:0,(anonymous_3)
FNDA:0,(anonymous_4)
FNDA:0,(anonymous_5)
DA:10,0
DA:25,0
DA:29,0
DA:30,0
DA:34,0
DA:36,0
DA:37,0
DA:39,0
DA:41,0
DA:43,0
DA:44,0
DA:46,0
DA:48,0
DA:53,0
DA:54,0
DA:55,0
DA:56,0
DA:66,0
DA:67,0
DA:69,0
DA:73,0
DA:74,0
DA:75,0
DA:78,0
DA:79,0
DA:80,0
DA:82,0
LF:27
LH:0
BRDA:34,0,0,0
BRDA:34,0,1,0
BRDA:34,0,2,0
BRDA:36,1,0,0
BRDA:36,1,1,0
BRDA:50,2,0,0
BRDA:50,2,1,0
BRDA:51,3,0,0
BRDA:51,3,1,0
BRDA:53,4,0,0
BRDA:58,5,0,0
BRDA:58,5,1,0
BRDA:69,6,0,0
BRF:13
BRH:0
end_of_record
TN:
SF:src/commands/base/InteractiveAction.ts
FN:20,(anonymous_0)
FN:35,(anonymous_1)
FN:39,(anonymous_2)
FN:48,(anonymous_3)
FN:57,(anonymous_4)
FN:68,(anonymous_5)
FN:73,(anonymous_6)
FN:74,(anonymous_7)
FN:79,(anonymous_8)
FN:82,(anonymous_9)
FN:119,(anonymous_10)
FN:129,(anonymous_11)
FN:142,(anonymous_12)
FN:151,(anonymous_13)
FN:156,(anonymous_14)
FN:169,(anonymous_15)
FN:174,(anonymous_16)
FN:183,(anonymous_17)
FN:189,(anonymous_18)
FN:199,(anonymous_19)
FN:207,(anonymous_20)
FN:222,(anonymous_21)
FN:234,(anonymous_22)
FN:262,(anonymous_23)
FN:271,(anonymous_24)
FN:278,(anonymous_25)
FN:284,(anonymous_26)
FN:290,(anonymous_27)
FN:291,(anonymous_28)
FN:298,(anonymous_29)
FNF:30
FNH:0
FNDA:0,(anonymous_0)
FNDA:0,(anonymous_1)
FNDA:0,(anonymous_2)
FNDA:0,(anonymous_3)
FNDA:0,(anonymous_4)
FNDA:0,(anonymous_5)
FNDA:0,(anonymous_6)
FNDA:0,(anonymous_7)
FNDA:0,(anonymous_8)
FNDA:0,(anonymous_9)
FNDA:0,(anonymous_10)
FNDA:0,(anonymous_11)
FNDA:0,(anonymous_12)
FNDA:0,(anonymous_13)
FNDA:0,(anonymous_14)
FNDA:0,(anonymous_15)
FNDA:0,(anonymous_16)
FNDA:0,(anonymous_17)
FNDA:0,(anonymous_18)
FNDA:0,(anonymous_19)
FNDA:0,(anonymous_20)
FNDA:0,(anonymous_21)
FNDA:0,(anonymous_22)
FNDA:0,(anonymous_23)
FNDA:0,(anonymous_24)
FNDA:0,(anonymous_25)
FNDA:0,(anonymous_26)
FNDA:0,(anonymous_27)
FNDA:0,(anonymous_28)
FNDA:0,(anonymous_29)
DA:21,0
DA:36,0
DA:37,0
DA:38,0
DA:40,0
DA:41,0
DA:43,0
DA:44,0
DA:46,0
DA:48,0
DA:58,0
DA:59,0
DA:61,0
DA:62,0
DA:64,0
DA:72,0
DA:73,0
DA:75,0
DA:78,0
DA:79,0
DA:82,0
DA:87,0
DA:88,0
DA:91,0
DA:92,0
DA:93,0
DA:94,0
DA:95,0
DA:96,0
DA:97,0
DA:98,0
DA:100,0
DA:103,0
DA:106,0
DA:107,0
DA:109,0
DA:111,0
DA:112,0
DA:115,0
DA:116,0
DA:118,0
DA:120,0
DA:126,0
DA:128,0
DA:130,0
DA:138,0
DA:140,0
DA:141,0
DA:143,0
DA:150,0
DA:152,0
DA:157,0
DA:158,0
DA:160,0
DA:164,0
DA:166,0
DA:167,0
DA:168,0
DA:170,0
DA:175,0
DA:176,0
DA:178,0
DA:182,0
DA:184,0
DA:190,0
DA:191,0
DA:193,0
DA:198,0
DA:200,0
DA:203,0
DA:207,0
DA:219,0
DA:221,0
DA:223,0
DA:233,0
DA:234,0
DA:235,0
DA:237,0
DA:238,0
DA:240,0
DA:242,0
DA:243,0
DA:245,0
DA:248,0
DA:249,0
DA:251,0
DA:257,0
DA:258,0
DA:259,0
DA:266,0
DA:267,0
DA:268,0
DA:271,0
DA:278,0
DA:279,0
DA:281,0
DA:285,0
DA:286,0
DA:290,0
DA:291,0
DA:298,0
DA:300,0
DA:301,0
LF:103
LH:0
BRDA:40,0,0,0
BRDA:43,1,0,0
BRDA:50,2,0,0
BRDA:50,2,1,0
BRDA:50,3,0,0
BRDA:50,3,1,0
BRDA:51,4,0,0
BRDA:51,4,1,0
BRDA:58,5,0,0
BRDA:58,6,0,0
BRDA:58,6,1,0
BRDA:61,7,0,0
BRDA:61,8,0,0
BRDA:61,8,1,0
BRDA:73,9,0,0
BRDA:73,9,1,0
BRDA:79,10,0,0
BRDA:79,10,1,0
BRDA:93,11,0,0
BRDA:93,11,1,0
BRDA:93,12,0,0
BRDA:93,12,1,0
BRDA:95,13,0,0
BRDA:95,13,1,0
BRDA:97,14,0,0
BRDA:97,14,1,0
BRDA:106,15,0,0
BRDA:106,16,0,0
BRDA:106,16,1,0
BRDA:111,17,0,0
BRDA:116,18,0,0
BRDA:116,18,1,0
BRDA:116,18,2,0
BRDA:116,18,3,0
BRDA:116,18,4,0
BRDA:121,19,0,0
BRDA:121,19,1,0
BRDA:131,20,0,0
BRDA:131,20,1,0
BRDA:140,21,0,0
BRDA:140,21,1,0
BRDA:144,22,0,0
BRDA:144,22,1,0
BRDA:153,23,0,0
BRDA:153,23,1,0
BRDA:157,24,0,0
BRDA:160,25,0,0
BRDA:160,25,1,0
BRDA:166,26,0,0
BRDA:166,26,1,0
BRDA:167,27,0,0
BRDA:167,27,1,0
BRDA:171,28,0,0
BRDA:171,28,1,0
BRDA:175,29,0,0
BRDA:178,30,0,0
BRDA:178,30,1,0
BRDA:178,31,0,0
BRDA:178,31,1,0
BRDA:185,32,0,0
BRDA:185,32,1,0
BRDA:190,33,0,0
BRDA:193,34,0,0
BRDA:193,34,1,0
BRDA:193,35,0,0
BRDA:193,35,1,0
BRDA:200,36,0,0
BRDA:200,36,1,0
BRDA:204,37,0,0
BRDA:204,37,1,0
BRDA:207,38,0,0
BRDA:207,38,1,0
BRDA:224,39,0,0
BRDA:224,39,1,0
BRDA:235,40,0,0
BRDA:235,40,1,0
BRDA:235,40,2,0
BRDA:235,40,3,0
BRDA:235,40,4,0
BRDA:237,41,0,0
BRDA:242,42,0,0
BRDA:248,43,0,0
BRDA:267,44,0,0
BRF:83
BRH:0
end_of_record
TN:
SF:src/commands/base/VersionAction.ts
FN:9,(anonymous_0)
FN:30,(anonymous_1)
FNF:2
FNH:0
FNDA:0,(anonymous_0)
FNDA:0,(anonymous_1)
DA:10,0
DA:31,0
DA:32,0
DA:33,0
DA:35,0
DA:37,0
LF:6
LH:0
BRDA:32,0,0,0
BRDA:32,0,1,0
BRF:2
BRH:0
end_of_record
TN:
SF:src/commands/debug/DebugAction.ts
FN:11,(anonymous_0)
FN:37,(anonymous_1)
FN:61,(anonymous_2)
FNF:3
FNH:0
FNDA:0,(anonymous_0)
FNDA:0,(anonymous_1)
FNDA:0,(anonymous_2)
DA:12,0
DA:37,0
DA:62,0
DA:63,0
DA:64,0
DA:65,0
DA:66,0
DA:67,0
DA:68,0
DA:69,0
DA:70,0
DA:72,0
DA:75,0
LF:13
LH:0
BRDA:64,0,0,0
BRF:1
BRH:0
end_of_record
TN:
SF:src/lib/types.ts
FN:84,StricktOption
FN:152,getBoolOrUndefined
FN:166,getStringOrUndefined
FN:180,getNumberOrUndefined
FNF:4
FNH:0
FNDA:0,StricktOption
FNDA:0,getBoolOrUndefined
FNDA:0,getStringOrUndefined
FNDA:0,getNumberOrUndefined
DA:85,0
DA:86,0
DA:88,0
DA:156,0
DA:157,0
DA:158,0
DA:160,0
DA:161,0
DA:163,0
DA:170,0
DA:171,0
DA:172,0
DA:174,0
DA:175,0
DA:177,0
DA:184,0
DA:185,0
DA:186,0
DA:188,0
DA:189,0
DA:191,0
LF:21
LH:0
BRDA:85,0,0,0
BRDA:154,1,0,0
BRDA:157,2,0,0
BRDA:160,3,0,0
BRDA:168,4,0,0
BRDA:171,5,0,0
BRDA:174,6,0,0
BRDA:182,7,0,0
BRDA:185,8,0,0
BRDA:188,9,0,0
BRF:10
BRH:0
end_of_record
