TN:
SF:src/CommandHandler.ts
FN:37,(anonymous_0)
FN:65,(anonymous_1)
FN:69,(anonymous_2)
FN:77,(anonymous_3)
FN:83,(anonymous_4)
FN:90,(anonymous_5)
FN:98,(anonymous_6)
FN:140,(anonymous_7)
FN:144,(anonymous_8)
FNF:9
FNH:0
FNDA:0,(anonymous_0)
FNDA:0,(anonymous_1)
FNDA:0,(anonymous_2)
FNDA:0,(anonymous_3)
FNDA:0,(anonymous_4)
FNDA:0,(anonymous_5)
FNDA:0,(anonymous_6)
FNDA:0,(anonymous_7)
FNDA:0,(anonymous_8)
DA:44,0
DA:45,0
DA:46,0
DA:47,0
DA:48,0
DA:49,0
DA:50,0
DA:51,0
DA:52,0
DA:54,0
DA:55,0
DA:56,0
DA:57,0
DA:58,0
DA:66,0
DA:72,0
DA:73,0
DA:78,0
DA:79,0
DA:84,0
DA:85,0
DA:87,0
DA:91,0
DA:92,0
DA:93,0
DA:94,0
DA:95,0
DA:96,0
DA:97,0
DA:98,0
DA:99,0
DA:100,0
DA:101,0
DA:103,0
DA:104,0
DA:105,0
DA:106,0
DA:107,0
DA:108,0
DA:109,0
DA:111,0
DA:113,0
DA:119,0
DA:120,0
DA:121,0
DA:122,0
DA:123,0
DA:124,0
DA:125,0
DA:127,0
DA:131,0
DA:133,0
DA:136,0
DA:141,0
DA:145,0
LF:55
LH:0
BRDA:44,0,0,0
BRDA:44,0,1,0
BRDA:44,1,0,0
BRDA:44,1,1,0
BRDA:45,2,0,0
BRDA:45,2,1,0
BRDA:46,3,0,0
BRDA:46,3,1,0
BRDA:47,4,0,0
BRDA:47,4,1,0
BRDA:48,5,0,0
BRDA:48,5,1,0
BRDA:51,6,0,0
BRDA:84,7,0,0
BRDA:94,8,0,0
BRDA:94,8,1,0
BRDA:97,9,0,0
BRDA:97,9,1,0
BRDA:99,10,0,0
BRDA:103,11,0,0
BRDA:103,11,1,0
BRDA:103,12,0,0
BRDA:103,12,1,0
BRDA:106,13,0,0
BRDA:108,14,0,0
BRDA:113,15,0,0
BRDA:114,16,0,0
BRDA:114,16,1,0
BRDA:114,16,2,0
BRDA:114,16,3,0
BRDA:120,17,0,0
BRDA:124,18,0,0
BRF:32
BRH:0
end_of_record
TN:
SF:src/TestScript.ts
FN:4,(anonymous_0)
FNF:1
FNH:0
FNDA:0,(anonymous_0)
DA:5,0
LF:1
LH:0
BRF:0
BRH:0
end_of_record
TN:
SF:src/cli.ts
FNF:0
FNH:0
DA:5,0
DA:7,0
LF:2
LH:0
BRF:0
BRH:0
end_of_record
TN:
SF:src/class/CliParser.ts
FN:11,(anonymous_0)
FN:32,(anonymous_1)
FN:60,(anonymous_2)
FN:62,(anonymous_3)
FN:94,(anonymous_4)
FN:101,(anonymous_5)
FN:108,(anonymous_6)
FN:116,(anonymous_7)
FNF:8
FNH:7
FNDA:6,(anonymous_0)
FNDA:11,(anonymous_1)
FNDA:6,(anonymous_2)
FNDA:17,(anonymous_3)
FNDA:3,(anonymous_4)
FNDA:3,(anonymous_5)
FNDA:3,(anonymous_6)
FNDA:0,(anonymous_7)
DA:1,1
DA:4,1
DA:12,6
DA:13,6
DA:14,6
DA:15,6
DA:16,6
DA:18,0
DA:19,0
DA:20,0
DA:21,0
DA:22,0
DA:24,6
DA:33,11
DA:34,11
DA:35,11
DA:36,3
DA:38,8
DA:39,8
DA:40,1
DA:42,7
DA:43,1
DA:45,6
DA:46,6
DA:47,6
DA:48,4
DA:50,2
DA:52,0
DA:61,6
DA:62,6
DA:63,17
DA:64,11
DA:66,17
DA:67,0
DA:71,17
DA:72,4
DA:73,4
DA:75,13
DA:76,11
DA:77,11
DA:78,1
DA:82,10
DA:83,10
DA:85,2
DA:95,3
DA:102,3
DA:109,3
DA:117,0
LF:48
LH:40
BRDA:15,0,0,6
BRDA:15,0,1,0
BRDA:35,1,0,3
BRDA:39,2,0,1
BRDA:42,3,0,1
BRDA:47,4,0,4
BRDA:63,5,0,11
BRDA:66,6,0,0
BRDA:66,7,0,17
BRDA:66,7,1,4
BRDA:71,8,0,4
BRDA:71,9,0,17
BRDA:71,9,1,4
BRDA:75,10,0,11
BRDA:75,11,0,13
BRDA:75,11,1,13
BRDA:77,12,0,1
BRF:17
BRH:15
end_of_record
TN:
SF:src/class/InteractionArgs.ts
FN:9,(anonymous_0)
FN:14,(anonymous_1)
FN:18,(anonymous_2)
FN:22,(anonymous_3)
FN:26,(anonymous_4)
FNF:5
FNH:0
FNDA:0,(anonymous_0)
FNDA:0,(anonymous_1)
FNDA:0,(anonymous_2)
FNDA:0,(anonymous_3)
FNDA:0,(anonymous_4)
DA:10,0
DA:11,0
DA:15,0
DA:19,0
DA:23,0
DA:27,0
LF:6
LH:0
BRF:0
BRH:0
end_of_record
TN:
SF:src/class/ShellComand.ts
FN:31,(anonymous_0)
FN:41,(anonymous_1)
FN:55,(anonymous_2)
FN:60,(anonymous_3)
FN:67,(anonymous_4)
FN:71,(anonymous_5)
FN:83,(anonymous_6)
FNF:7
FNH:0
FNDA:0,(anonymous_0)
FNDA:0,(anonymous_1)
FNDA:0,(anonymous_2)
FNDA:0,(anonymous_3)
FNDA:0,(anonymous_4)
FNDA:0,(anonymous_5)
FNDA:0,(anonymous_6)
DA:32,0
DA:33,0
DA:34,0
DA:35,0
DA:36,0
DA:37,0
DA:38,0
DA:42,0
DA:43,0
DA:44,0
DA:45,0
DA:52,0
DA:53,0
DA:55,0
DA:56,0
DA:59,0
DA:60,0
DA:61,0
DA:64,0
DA:68,0
DA:69,0
DA:70,0
DA:71,0
DA:73,0
DA:74,0
DA:76,0
DA:78,0
DA:79,0
DA:84,0
DA:85,0
DA:87,0
DA:88,0
DA:89,0
DA:91,0
LF:34
LH:0
BRDA:37,0,0,0
BRDA:37,0,1,0
BRDA:38,1,0,0
BRDA:38,1,1,0
BRDA:44,2,0,0
BRDA:44,3,0,0
BRDA:44,3,1,0
BRDA:52,4,0,0
BRDA:52,5,0,0
BRDA:52,5,1,0
BRDA:55,6,0,0
BRDA:55,7,0,0
BRDA:55,7,1,0
BRDA:55,7,2,0
BRDA:60,8,0,0
BRDA:69,9,0,0
BRDA:73,10,0,0
BRDA:84,11,0,0
BRDA:84,12,0,0
BRDA:84,12,1,0
BRDA:88,13,0,0
BRF:21
BRH:0
end_of_record
TN:
SF:src/commands/base/HelpAction.ts
FN:8,(anonymous_0)
FN:23,(anonymous_1)
FN:27,(anonymous_2)
FN:29,(anonymous_3)
FN:52,(anonymous_4)
FN:61,(anonymous_5)
FN:65,(anonymous_6)
FN:72,(anonymous_7)
FNF:8
FNH:0
FNDA:0,(anonymous_0)
FNDA:0,(anonymous_1)
FNDA:0,(anonymous_2)
FNDA:0,(anonymous_3)
FNDA:0,(anonymous_4)
FNDA:0,(anonymous_5)
FNDA:0,(anonymous_6)
FNDA:0,(anonymous_7)
DA:9,0
DA:24,0
DA:28,0
DA:29,0
DA:31,0
DA:33,0
DA:34,0
DA:36,0
DA:38,0
DA:40,0
DA:41,0
DA:43,0
DA:45,0
DA:50,0
DA:51,0
DA:52,0
DA:53,0
DA:61,0
DA:62,0
DA:66,0
DA:67,0
DA:68,0
DA:71,0
DA:72,0
DA:73,0
LF:25
LH:0
BRDA:31,0,0,0
BRDA:31,0,1,0
BRDA:31,0,2,0
BRDA:33,1,0,0
BRDA:33,1,1,0
BRDA:47,2,0,0
BRDA:47,2,1,0
BRDA:48,3,0,0
BRDA:48,3,1,0
BRDA:50,4,0,0
BRDA:55,5,0,0
BRDA:55,5,1,0
BRDA:62,6,0,0
BRF:13
BRH:0
end_of_record
TN:
SF:src/commands/base/InteractiveAction.ts
FN:18,(anonymous_0)
FN:33,(anonymous_1)
FN:37,(anonymous_2)
FN:38,(anonymous_3)
FN:45,(anonymous_4)
FN:50,(anonymous_5)
FN:51,(anonymous_6)
FN:56,(anonymous_7)
FN:59,(anonymous_8)
FN:96,(anonymous_9)
FN:106,(anonymous_10)
FN:119,(anonymous_11)
FN:128,(anonymous_12)
FN:133,(anonymous_13)
FN:146,(anonymous_14)
FN:151,(anonymous_15)
FN:162,(anonymous_16)
FN:167,(anonymous_17)
FN:179,(anonymous_18)
FN:184,(anonymous_19)
FN:198,(anonymous_20)
FN:210,(anonymous_21)
FN:238,(anonymous_22)
FN:247,(anonymous_23)
FN:254,(anonymous_24)
FN:260,(anonymous_25)
FN:266,(anonymous_26)
FN:267,(anonymous_27)
FN:274,(anonymous_28)
FNF:29
FNH:0
FNDA:0,(anonymous_0)
FNDA:0,(anonymous_1)
FNDA:0,(anonymous_2)
FNDA:0,(anonymous_3)
FNDA:0,(anonymous_4)
FNDA:0,(anonymous_5)
FNDA:0,(anonymous_6)
FNDA:0,(anonymous_7)
FNDA:0,(anonymous_8)
FNDA:0,(anonymous_9)
FNDA:0,(anonymous_10)
FNDA:0,(anonymous_11)
FNDA:0,(anonymous_12)
FNDA:0,(anonymous_13)
FNDA:0,(anonymous_14)
FNDA:0,(anonymous_15)
FNDA:0,(anonymous_16)
FNDA:0,(anonymous_17)
FNDA:0,(anonymous_18)
FNDA:0,(anonymous_19)
FNDA:0,(anonymous_20)
FNDA:0,(anonymous_21)
FNDA:0,(anonymous_22)
FNDA:0,(anonymous_23)
FNDA:0,(anonymous_24)
FNDA:0,(anonymous_25)
FNDA:0,(anonymous_26)
FNDA:0,(anonymous_27)
FNDA:0,(anonymous_28)
DA:19,0
DA:34,0
DA:35,0
DA:36,0
DA:37,0
DA:38,0
DA:49,0
DA:50,0
DA:52,0
DA:55,0
DA:56,0
DA:59,0
DA:64,0
DA:65,0
DA:68,0
DA:69,0
DA:70,0
DA:71,0
DA:72,0
DA:73,0
DA:74,0
DA:75,0
DA:77,0
DA:80,0
DA:83,0
DA:84,0
DA:86,0
DA:88,0
DA:89,0
DA:92,0
DA:93,0
DA:95,0
DA:97,0
DA:103,0
DA:105,0
DA:107,0
DA:115,0
DA:117,0
DA:118,0
DA:120,0
DA:127,0
DA:129,0
DA:134,0
DA:135,0
DA:137,0
DA:141,0
DA:143,0
DA:144,0
DA:145,0
DA:147,0
DA:152,0
DA:153,0
DA:155,0
DA:161,0
DA:163,0
DA:168,0
DA:169,0
DA:171,0
DA:178,0
DA:180,0
DA:184,0
DA:195,0
DA:197,0
DA:199,0
DA:209,0
DA:210,0
DA:211,0
DA:213,0
DA:214,0
DA:216,0
DA:218,0
DA:219,0
DA:221,0
DA:224,0
DA:225,0
DA:227,0
DA:233,0
DA:234,0
DA:235,0
DA:242,0
DA:243,0
DA:244,0
DA:247,0
DA:254,0
DA:255,0
DA:257,0
DA:261,0
DA:262,0
DA:266,0
DA:267,0
DA:274,0
DA:276,0
DA:277,0
LF:93
LH:0
BRDA:50,0,0,0
BRDA:50,0,1,0
BRDA:56,1,0,0
BRDA:56,1,1,0
BRDA:70,2,0,0
BRDA:70,2,1,0
BRDA:70,3,0,0
BRDA:70,3,1,0
BRDA:72,4,0,0
BRDA:72,4,1,0
BRDA:74,5,0,0
BRDA:74,5,1,0
BRDA:83,6,0,0
BRDA:83,7,0,0
BRDA:83,7,1,0
BRDA:88,8,0,0
BRDA:93,9,0,0
BRDA:93,9,1,0
BRDA:93,9,2,0
BRDA:93,9,3,0
BRDA:93,9,4,0
BRDA:98,10,0,0
BRDA:98,10,1,0
BRDA:108,11,0,0
BRDA:108,11,1,0
BRDA:117,12,0,0
BRDA:117,12,1,0
BRDA:121,13,0,0
BRDA:121,13,1,0
BRDA:130,14,0,0
BRDA:130,14,1,0
BRDA:134,15,0,0
BRDA:137,16,0,0
BRDA:137,16,1,0
BRDA:143,17,0,0
BRDA:143,17,1,0
BRDA:144,18,0,0
BRDA:144,18,1,0
BRDA:148,19,0,0
BRDA:148,19,1,0
BRDA:152,20,0,0
BRDA:156,21,0,0
BRDA:156,21,1,0
BRDA:164,22,0,0
BRDA:164,22,1,0
BRDA:168,23,0,0
BRDA:172,24,0,0
BRDA:172,24,1,0
BRDA:181,25,0,0
BRDA:181,25,1,0
BRDA:184,26,0,0
BRDA:184,26,1,0
BRDA:200,27,0,0
BRDA:200,27,1,0
BRDA:211,28,0,0
BRDA:211,28,1,0
BRDA:211,28,2,0
BRDA:211,28,3,0
BRDA:211,28,4,0
BRDA:213,29,0,0
BRDA:218,30,0,0
BRDA:224,31,0,0
BRDA:243,32,0,0
BRF:63
BRH:0
end_of_record
TN:
SF:src/commands/base/VersionAction.ts
FN:9,(anonymous_0)
FN:30,(anonymous_1)
FNF:2
FNH:0
FNDA:0,(anonymous_0)
FNDA:0,(anonymous_1)
DA:10,0
DA:31,0
DA:32,0
DA:33,0
DA:35,0
DA:37,0
LF:6
LH:0
BRDA:32,0,0,0
BRDA:32,0,1,0
BRF:2
BRH:0
end_of_record
TN:
SF:src/lib/types.ts
FN:90,getBoolOrUndefined
FN:100,getStringOrUndefined
FN:110,getNumberOrUndefined
FNF:3
FNH:0
FNDA:0,getBoolOrUndefined
FNDA:0,getStringOrUndefined
FNDA:0,getNumberOrUndefined
DA:94,0
DA:95,0
DA:97,0
DA:104,0
DA:105,0
DA:107,0
DA:114,0
DA:115,0
DA:117,0
LF:9
LH:0
BRDA:92,0,0,0
BRDA:94,1,0,0
BRDA:102,2,0,0
BRDA:104,3,0,0
BRDA:112,4,0,0
BRDA:114,5,0,0
BRF:6
BRH:0
end_of_record
